<?xml version="1.0" encoding="UTF-8"?>
<testsuite name="in.dev.ocrtesseract.OcrTesseractApplicationTests" tests="1" skipped="0" failures="0" errors="0" timestamp="2022-11-07T17:28:29" hostname="srajagopals-MacBook-Pro.local" time="0.521">
  <properties/>
  <testcase name="contextLoads()" classname="in.dev.ocrtesseract.OcrTesseractApplicationTests" time="0.521"/>
  <system-out><![CDATA[22:58:28.251 [Test worker] DEBUG org.springframework.test.context.BootstrapUtils - Instantiating CacheAwareContextLoaderDelegate from class [org.springframework.test.context.cache.DefaultCacheAwareContextLoaderDelegate]
22:58:28.263 [Test worker] DEBUG org.springframework.test.context.BootstrapUtils - Instantiating BootstrapContext using constructor [public org.springframework.test.context.support.DefaultBootstrapContext(java.lang.Class,org.springframework.test.context.CacheAwareContextLoaderDelegate)]
22:58:28.319 [Test worker] DEBUG org.springframework.test.context.BootstrapUtils - Instantiating TestContextBootstrapper for test class [in.dev.ocrtesseract.OcrTesseractApplicationTests] from class [org.springframework.boot.test.context.SpringBootTestContextBootstrapper]
22:58:28.335 [Test worker] INFO org.springframework.boot.test.context.SpringBootTestContextBootstrapper - Neither @ContextConfiguration nor @ContextHierarchy found for test class [in.dev.ocrtesseract.OcrTesseractApplicationTests], using SpringBootContextLoader
22:58:28.340 [Test worker] DEBUG org.springframework.test.context.support.AbstractContextLoader - Did not detect default resource location for test class [in.dev.ocrtesseract.OcrTesseractApplicationTests]: class path resource [in/dev/ocrtesseract/OcrTesseractApplicationTests-context.xml] does not exist
22:58:28.341 [Test worker] DEBUG org.springframework.test.context.support.AbstractContextLoader - Did not detect default resource location for test class [in.dev.ocrtesseract.OcrTesseractApplicationTests]: class path resource [in/dev/ocrtesseract/OcrTesseractApplicationTestsContext.groovy] does not exist
22:58:28.342 [Test worker] INFO org.springframework.test.context.support.AbstractContextLoader - Could not detect default resource locations for test class [in.dev.ocrtesseract.OcrTesseractApplicationTests]: no resource found for suffixes {-context.xml, Context.groovy}.
22:58:28.342 [Test worker] INFO org.springframework.test.context.support.AnnotationConfigContextLoaderUtils - Could not detect default configuration classes for test class [in.dev.ocrtesseract.OcrTesseractApplicationTests]: OcrTesseractApplicationTests does not declare any static, non-private, non-final, nested classes annotated with @Configuration.
22:58:28.391 [Test worker] DEBUG org.springframework.test.context.support.ActiveProfilesUtils - Could not find an 'annotation declaring class' for annotation type [org.springframework.test.context.ActiveProfiles] and class [in.dev.ocrtesseract.OcrTesseractApplicationTests]
22:58:28.478 [Test worker] DEBUG org.springframework.context.annotation.ClassPathScanningCandidateComponentProvider - Identified candidate component class: file [/Users/srajagopal/Documents/workspace/online/github/pexa/ocr-tesseract/build/classes/java/main/in/dev/ocrtesseract/OcrTesseractApplication.class]
22:58:28.481 [Test worker] INFO org.springframework.boot.test.context.SpringBootTestContextBootstrapper - Found @SpringBootConfiguration in.dev.ocrtesseract.OcrTesseractApplication for test class in.dev.ocrtesseract.OcrTesseractApplicationTests
22:58:28.565 [Test worker] DEBUG org.springframework.boot.test.context.SpringBootTestContextBootstrapper - @TestExecutionListeners is not present for class [in.dev.ocrtesseract.OcrTesseractApplicationTests]: using defaults.
22:58:28.566 [Test worker] INFO org.springframework.boot.test.context.SpringBootTestContextBootstrapper - Loaded default TestExecutionListener class names from location [META-INF/spring.factories]: [org.springframework.boot.test.autoconfigure.restdocs.RestDocsTestExecutionListener, org.springframework.boot.test.autoconfigure.web.client.MockRestServiceServerResetTestExecutionListener, org.springframework.boot.test.autoconfigure.web.servlet.MockMvcPrintOnlyOnFailureTestExecutionListener, org.springframework.boot.test.autoconfigure.web.servlet.WebDriverTestExecutionListener, org.springframework.boot.test.autoconfigure.webservices.client.MockWebServiceServerTestExecutionListener, org.springframework.boot.test.mock.mockito.MockitoTestExecutionListener, org.springframework.boot.test.mock.mockito.ResetMocksTestExecutionListener, org.springframework.test.context.web.ServletTestExecutionListener, org.springframework.test.context.support.DirtiesContextBeforeModesTestExecutionListener, org.springframework.test.context.event.ApplicationEventsTestExecutionListener, org.springframework.test.context.support.DependencyInjectionTestExecutionListener, org.springframework.test.context.support.DirtiesContextTestExecutionListener, org.springframework.test.context.transaction.TransactionalTestExecutionListener, org.springframework.test.context.jdbc.SqlScriptsTestExecutionListener, org.springframework.test.context.event.EventPublishingTestExecutionListener]
22:58:28.575 [Test worker] DEBUG org.springframework.boot.test.context.SpringBootTestContextBootstrapper - Skipping candidate TestExecutionListener [org.springframework.test.context.web.ServletTestExecutionListener] due to a missing dependency. Specify custom listener classes or make the default listener classes and their required dependencies available. Offending class: [javax/servlet/ServletContext]
22:58:28.577 [Test worker] DEBUG org.springframework.boot.test.context.SpringBootTestContextBootstrapper - Skipping candidate TestExecutionListener [org.springframework.test.context.transaction.TransactionalTestExecutionListener] due to a missing dependency. Specify custom listener classes or make the default listener classes and their required dependencies available. Offending class: [org/springframework/transaction/interceptor/TransactionAttributeSource]
22:58:28.578 [Test worker] DEBUG org.springframework.boot.test.context.SpringBootTestContextBootstrapper - Skipping candidate TestExecutionListener [org.springframework.test.context.jdbc.SqlScriptsTestExecutionListener] due to a missing dependency. Specify custom listener classes or make the default listener classes and their required dependencies available. Offending class: [org/springframework/transaction/interceptor/TransactionAttribute]
22:58:28.578 [Test worker] INFO org.springframework.boot.test.context.SpringBootTestContextBootstrapper - Using TestExecutionListeners: [org.springframework.test.context.support.DirtiesContextBeforeModesTestExecutionListener@1e7aa82b, org.springframework.test.context.event.ApplicationEventsTestExecutionListener@3b2c0e88, org.springframework.boot.test.mock.mockito.MockitoTestExecutionListener@5bd82fed, org.springframework.boot.test.autoconfigure.SpringBootDependencyInjectionTestExecutionListener@c1bd0be, org.springframework.test.context.support.DirtiesContextTestExecutionListener@476b0ae6, org.springframework.test.context.event.EventPublishingTestExecutionListener@1c6804cd, org.springframework.boot.test.autoconfigure.restdocs.RestDocsTestExecutionListener@655f7ea, org.springframework.boot.test.autoconfigure.web.client.MockRestServiceServerResetTestExecutionListener@549949be, org.springframework.boot.test.autoconfigure.web.servlet.MockMvcPrintOnlyOnFailureTestExecutionListener@4b3a45f1, org.springframework.boot.test.autoconfigure.web.servlet.WebDriverTestExecutionListener@17a87e37, org.springframework.boot.test.autoconfigure.webservices.client.MockWebServiceServerTestExecutionListener@3eeb318f, org.springframework.boot.test.mock.mockito.ResetMocksTestExecutionListener@20a14b55]
22:58:28.581 [Test worker] DEBUG org.springframework.test.context.support.AbstractDirtiesContextTestExecutionListener - Before test class: context [DefaultTestContext@3fa2213 testClass = OcrTesseractApplicationTests, testInstance = [null], testMethod = [null], testException = [null], mergedContextConfiguration = [MergedContextConfiguration@3e7634b9 testClass = OcrTesseractApplicationTests, locations = '{}', classes = '{class in.dev.ocrtesseract.OcrTesseractApplication}', contextInitializerClasses = '[]', activeProfiles = '{}', propertySourceLocations = '{}', propertySourceProperties = '{org.springframework.boot.test.context.SpringBootTestContextBootstrapper=true}', contextCustomizers = set[org.springframework.boot.test.autoconfigure.actuate.metrics.MetricsExportContextCustomizerFactory$DisableMetricExportContextCustomizer@5717c37, org.springframework.boot.test.autoconfigure.properties.PropertyMappingContextCustomizer@0, org.springframework.boot.test.autoconfigure.web.servlet.WebDriverContextCustomizerFactory$Customizer@75d2da2d, org.springframework.boot.test.context.filter.ExcludeFilterContextCustomizer@63eef88a, org.springframework.boot.test.json.DuplicateJsonObjectContextCustomizerFactory$DuplicateJsonObjectContextCustomizer@5a9f4771, org.springframework.boot.test.mock.mockito.MockitoContextCustomizer@0, org.springframework.boot.test.web.client.TestRestTemplateContextCustomizer@573906eb, org.springframework.boot.test.context.SpringBootTestArgs@1, org.springframework.boot.test.context.SpringBootTestWebEnvironment@185a6e9], contextLoader = 'org.springframework.boot.test.context.SpringBootContextLoader', parent = [null]], attributes = map[[empty]]], class annotated with @DirtiesContext [false] with mode [null].
22:58:28.609 [Test worker] DEBUG org.springframework.test.context.support.DependencyInjectionTestExecutionListener - Performing dependency injection for test context [[DefaultTestContext@3fa2213 testClass = OcrTesseractApplicationTests, testInstance = in.dev.ocrtesseract.OcrTesseractApplicationTests@53d1b9b3, testMethod = [null], testException = [null], mergedContextConfiguration = [MergedContextConfiguration@3e7634b9 testClass = OcrTesseractApplicationTests, locations = '{}', classes = '{class in.dev.ocrtesseract.OcrTesseractApplication}', contextInitializerClasses = '[]', activeProfiles = '{}', propertySourceLocations = '{}', propertySourceProperties = '{org.springframework.boot.test.context.SpringBootTestContextBootstrapper=true}', contextCustomizers = set[org.springframework.boot.test.autoconfigure.actuate.metrics.MetricsExportContextCustomizerFactory$DisableMetricExportContextCustomizer@5717c37, org.springframework.boot.test.autoconfigure.properties.PropertyMappingContextCustomizer@0, org.springframework.boot.test.autoconfigure.web.servlet.WebDriverContextCustomizerFactory$Customizer@75d2da2d, org.springframework.boot.test.context.filter.ExcludeFilterContextCustomizer@63eef88a, org.springframework.boot.test.json.DuplicateJsonObjectContextCustomizerFactory$DuplicateJsonObjectContextCustomizer@5a9f4771, org.springframework.boot.test.mock.mockito.MockitoContextCustomizer@0, org.springframework.boot.test.web.client.TestRestTemplateContextCustomizer@573906eb, org.springframework.boot.test.context.SpringBootTestArgs@1, org.springframework.boot.test.context.SpringBootTestWebEnvironment@185a6e9], contextLoader = 'org.springframework.boot.test.context.SpringBootContextLoader', parent = [null]], attributes = map['org.springframework.test.context.event.ApplicationEventsTestExecutionListener.recordApplicationEvents' -> false]]].

  .   ____          _            __ _ _
 /\\ / ___'_ __ _ _(_)_ __  __ _ \ \ \ \
( ( )\___ | '_ | '_| | '_ \/ _` | \ \ \ \
 \\/  ___)| |_)| | | | | || (_| |  ) ) ) )
  '  |____| .__|_| |_|_| |_\__, | / / / /
 =========|_|==============|___/=/_/_/_/
 :: Spring Boot ::                (v2.7.5)

2022-11-07 22:58:29.217  INFO 44167 --- [    Test worker] i.d.o.OcrTesseractApplicationTests       : Starting OcrTesseractApplicationTests using Java 16.0.2 on srajagopals-MacBook-Pro.local with PID 44167 (started by srajagopal in /Users/srajagopal/Documents/workspace/online/github/pexa/ocr-tesseract)
2022-11-07 22:58:29.219  INFO 44167 --- [    Test worker] i.d.o.OcrTesseractApplicationTests       : The following 1 profile is active: "local"
2022-11-07 22:58:29.959  INFO 44167 --- [    Test worker] i.d.o.OcrTesseractApplicationTests       : Started OcrTesseractApplicationTests in 1.314 seconds (JVM running for 2.754)
]]></system-out>
  <system-err><![CDATA[]]></system-err>
</testsuite>
